# JRE version: OpenJDK Runtime Environment Temurin-21.0.8+9 (21.0.8+9) (build 21.0.8+9-LTS)
# Java VM: OpenJDK 64-Bit Server VM Temurin-21.0.8+9 (21.0.8+9-LTS, mixed mode, emulated-client, sharing, tiered, compressed oops, compressed class ptrs, g1 gc, windows-amd64)
GC Precious Log:
 CardTable entry size: 512
 Card Set container configuration: InlinePtr #cards 5 size 8 Array Of Cards #cards 12 size 40 Howl #buckets 4 coarsen threshold 1843 Howl Bitmap #cards 512 size 80 coarsen threshold 460 Card regions per heap region 1 cards per card region 2048
 CPUs: 2 total, 2 available
 Memory: 3460M
 Large Page Support: Disabled
 NUMA Support: Disabled
 Compressed Oops: Enabled (32-bit)
 Heap Region Size: 1M
 Heap Min Capacity: 8M
 Heap Initial Capacity: 56M
 Heap Max Capacity: 866M
 Pre-touch: Disabled
 Parallel Workers: 2
 Concurrent Workers: 1
 Concurrent Refinement Workers: 2
 Periodic GC: Disabled
Heap:
 garbage-first heap   total 69632K, used 53119K [0x00000000c9e00000, 0x0000000100000000)
  region size 1024K, 30 young (30720K), 4 survivors (4096K)
 Metaspace       used 55362K, committed 55936K, reserved 1114112K
  class space    used 8044K, committed 8320K, reserved 1048576K
GC Heap History (20 events):
Event: 0.475 GC heap before
{Heap before GC invocations=1 (full 0):
 garbage-first heap   total 57344K, used 9210K [0x00000000c9e00000, 0x0000000100000000)
  region size 1024K, 4 young (4096K), 1 survivors (1024K)
 Metaspace       used 875K, committed 960K, reserved 1114112K
  class space    used 76K, committed 128K, reserved 1048576K
}
Event: 0.482 GC heap after
{Heap after GC invocations=2 (full 0):
 garbage-first heap   total 57344K, used 6712K [0x00000000c9e00000, 0x0000000100000000)
  region size 1024K, 1 young (1024K), 1 survivors (1024K)
 Metaspace       used 875K, committed 960K, reserved 1114112K
  class space    used 76K, committed 128K, reserved 1048576K
}
Event: 1.208 GC heap before
{Heap before GC invocations=2 (full 0):
 garbage-first heap   total 57344K, used 15928K [0x00000000c9e00000, 0x0000000100000000)
  region size 1024K, 10 young (10240K), 1 survivors (1024K)
 Metaspace       used 4011K, committed 4224K, reserved 1114112K
  class space    used 526K, committed 640K, reserved 1048576K
}
Event: 1.212 GC heap after
{Heap after GC invocations=3 (full 0):
 garbage-first heap   total 57344K, used 7930K [0x00000000c9e00000, 0x0000000100000000)
  region size 1024K, 2 young (2048K), 2 survivors (2048K)
 Metaspace       used 4011K, committed 4224K, reserved 1114112K
  class space    used 526K, committed 640K, reserved 1048576K
}
Event: 2.768 GC heap before
{Heap before GC invocations=3 (full 0):
 garbage-first heap   total 57344K, used 30458K [0x00000000c9e00000, 0x0000000100000000)
  region size 1024K, 25 young (25600K), 2 survivors (2048K)
 Metaspace       used 10642K, committed 11008K, reserved 1114112K
  class space    used 1536K, committed 1728K, reserved 1048576K
}
Event: 2.777 GC heap after
{Heap after GC invocations=4 (full 0):
 garbage-first heap   total 57344K, used 10605K [0x00000000c9e00000, 0x0000000100000000)
  region size 1024K, 4 young (4096K), 4 survivors (4096K)
 Metaspace       used 10642K, committed 11008K, reserved 1114112K
  class space    used 1536K, committed 1728K, reserved 1048576K
}
Event: 3.335 GC heap before
{Heap before GC invocations=4 (full 0):
 garbage-first heap   total 57344K, used 39277K [0x00000000c9e00000, 0x0000000100000000)
  region size 1024K, 33 young (33792K), 4 survivors (4096K)
 Metaspace       used 16849K, committed 17216K, reserved 1114112K
  class space    used 2390K, committed 2560K, reserved 1048576K
}
Event: 3.346 GC heap after
{Heap after GC invocations=5 (full 0):
 garbage-first heap   total 57344K, used 12568K [0x00000000c9e00000, 0x0000000100000000)
  region size 1024K, 2 young (2048K), 2 survivors (2048K)
 Metaspace       used 16849K, committed 17216K, reserved 1114112K
  class space    used 2390K, committed 2560K, reserved 1048576K
}
Event: 4.048 GC heap before
{Heap before GC invocations=5 (full 0):
 garbage-first heap   total 57344K, used 36120K [0x00000000c9e00000, 0x0000000100000000)
  region size 1024K, 27 young (27648K), 2 survivors (2048K)
 Metaspace       used 21180K, committed 21504K, reserved 1114112K
  class space    used 2967K, committed 3136K, reserved 1048576K
}
Event: 4.058 GC heap after
{Heap after GC invocations=6 (full 0):
 garbage-first heap   total 57344K, used 15481K [0x00000000c9e00000, 0x0000000100000000)
  region size 1024K, 4 young (4096K), 4 survivors (4096K)
 Metaspace       used 21180K, committed 21504K, reserved 1114112K
  class space    used 2967K, committed 3136K, reserved 1048576K
}
Event: 5.153 GC heap before
{Heap before GC invocations=7 (full 0):
 garbage-first heap   total 55296K, used 44153K [0x00000000c9e00000, 0x0000000100000000)
  region size 1024K, 32 young (32768K), 4 survivors (4096K)
 Metaspace       used 24498K, committed 24896K, reserved 1114112K
  class space    used 3495K, committed 3648K, reserved 1048576K
}
Event: 5.167 GC heap after
{Heap after GC invocations=8 (full 0):
 garbage-first heap   total 55296K, used 17588K [0x00000000c9e00000, 0x0000000100000000)
  region size 1024K, 3 young (3072K), 3 survivors (3072K)
 Metaspace       used 24498K, committed 24896K, reserved 1114112K
  class space    used 3495K, committed 3648K, reserved 1048576K
}
Event: 6.134 GC heap before
{Heap before GC invocations=8 (full 0):
 garbage-first heap   total 55296K, used 47284K [0x00000000c9e00000, 0x0000000100000000)
  region size 1024K, 29 young (29696K), 3 survivors (3072K)
 Metaspace       used 28067K, committed 28608K, reserved 1114112K
  class space    used 3991K, committed 4224K, reserved 1048576K
}
Event: 6.154 GC heap after
{Heap after GC invocations=9 (full 0):
 garbage-first heap   total 69632K, used 22078K [0x00000000c9e00000, 0x0000000100000000)
  region size 1024K, 4 young (4096K), 4 survivors (4096K)
 Metaspace       used 28067K, committed 28608K, reserved 1114112K
  class space    used 3991K, committed 4224K, reserved 1048576K
}
Event: 7.545 GC heap before
{Heap before GC invocations=9 (full 0):
 garbage-first heap   total 69632K, used 54846K [0x00000000c9e00000, 0x0000000100000000)
  region size 1024K, 38 young (38912K), 4 survivors (4096K)
 Metaspace       used 35435K, committed 35968K, reserved 1114112K
  class space    used 5106K, committed 5376K, reserved 1048576K
}
Event: 7.565 GC heap after
{Heap after GC invocations=10 (full 0):
 garbage-first heap   total 69632K, used 24946K [0x00000000c9e00000, 0x0000000100000000)
  region size 1024K, 3 young (3072K), 3 survivors (3072K)
 Metaspace       used 35435K, committed 35968K, reserved 1114112K
  class space    used 5106K, committed 5376K, reserved 1048576K
}
Event: 9.562 GC heap before
{Heap before GC invocations=11 (full 0):
 garbage-first heap   total 69632K, used 57714K [0x00000000c9e00000, 0x0000000100000000)
  region size 1024K, 35 young (35840K), 3 survivors (3072K)
 Metaspace       used 43598K, committed 44096K, reserved 1114112K
  class space    used 6179K, committed 6400K, reserved 1048576K
}
Event: 9.571 GC heap after
{Heap after GC invocations=12 (full 0):
 garbage-first heap   total 69632K, used 26624K [0x00000000c9e00000, 0x0000000100000000)
  region size 1024K, 4 young (4096K), 4 survivors (4096K)
 Metaspace       used 43598K, committed 44096K, reserved 1114112K
  class space    used 6179K, committed 6400K, reserved 1048576K
}
Event: 10.946 GC heap before
{Heap before GC invocations=12 (full 0):
 garbage-first heap   total 69632K, used 59392K [0x00000000c9e00000, 0x0000000100000000)
  region size 1024K, 36 young (36864K), 4 survivors (4096K)
 Metaspace       used 51977K, committed 52608K, reserved 1114112K
  class space    used 7609K, committed 7872K, reserved 1048576K
}
Event: 10.960 GC heap after
{Heap after GC invocations=13 (full 0):
 garbage-first heap   total 69632K, used 27519K [0x00000000c9e00000, 0x0000000100000000)
  region size 1024K, 4 young (4096K), 4 survivors (4096K)
 Metaspace       used 51977K, committed 52608K, reserved 1114112K
  class space    used 7609K, committed 7872K, reserved 1048576K
}

